{
  "RSpec": {
    "coverage": {
      "/Users/flatironschool/Documents/alex/tale/app/decorators/user_decorator.rb": [
        1,
        null,
        1,
        3,
        null,
        null,
        1,
        3,
        null,
        null,
        null,
        null
      ],
      "/Users/flatironschool/Documents/alex/tale/app/models/tale.rb": [
        1,
        1,
        1,
        1,
        1,
        1,
        1,
        1,
        null,
        null,
        null,
        1,
        7,
        null,
        null,
        1,
        9,
        null,
        null,
        1,
        0,
        null,
        null,
        1,
        0,
        null,
        null,
        null
      ],
      "/Users/flatironschool/Documents/alex/tale/app/models/application_record.rb": [
        1,
        1,
        null
      ],
      "/Users/flatironschool/Documents/alex/tale/app/models/user.rb": [
        1,
        1,
        1,
        1,
        null,
        1,
        1,
        1,
        1,
        1,
        null,
        1,
        31,
        null,
        null,
        1,
        31,
        null,
        null,
        1,
        6,
        null,
        null,
        1,
        3,
        null,
        null,
        1,
        3,
        null,
        null,
        null
      ],
      "/Users/flatironschool/Documents/alex/tale/app/models/line.rb": [
        1,
        1,
        1,
        null,
        1,
        1,
        null,
        1,
        12,
        null,
        null
      ],
      "/Users/flatironschool/Documents/alex/tale/app/controllers/sessions_controller.rb": [
        1,
        null,
        1,
        null,
        null,
        1,
        2,
        2,
        2,
        2,
        null,
        0,
        null,
        null,
        null
      ],
      "/Users/flatironschool/Documents/alex/tale/app/controllers/application_controller.rb": [
        1,
        null,
        null,
        1,
        1,
        null,
        1,
        9,
        4,
        null,
        null
      ],
      "/Users/flatironschool/Documents/alex/tale/app/controllers/users_controller.rb": [
        1,
        null,
        1,
        0,
        0,
        0,
        null,
        0,
        null,
        null,
        null,
        1,
        0,
        null,
        null,
        1,
        2,
        null,
        null,
        null,
        1,
        null,
        1,
        0,
        null,
        null,
        null,
        null
      ],
      "/Users/flatironschool/Documents/alex/tale/app/controllers/tales_controller.rb": [
        1,
        null,
        1,
        0,
        0,
        0,
        null,
        null,
        1,
        0,
        0,
        0,
        0,
        0,
        0,
        null,
        0,
        0,
        null,
        null,
        null,
        1,
        3,
        null,
        null,
        1,
        0,
        0,
        null,
        null,
        1,
        0,
        null,
        null,
        1,
        0,
        0,
        0,
        0,
        null,
        null,
        null,
        1,
        null,
        1,
        0,
        null,
        null,
        1,
        0,
        null,
        null,
        null
      ],
      "/Users/flatironschool/Documents/alex/tale/app/decorators/tale_decorator.rb": [
        1,
        null,
        1,
        3,
        null,
        null,
        null
      ],
      "/Users/flatironschool/Documents/alex/tale/app/models/tags_tale.rb": [
        1,
        1,
        1,
        null
      ],
      "/Users/flatironschool/Documents/alex/tale/app/models/tag.rb": [
        1,
        1,
        1,
        null
      ]
    },
    "timestamp": 1465248362
  }
}
